<?xml version="1.0" encoding="UTF-8"?>
<!-- Generated by org.testng.reporters.JUnitXMLReporter -->
<testsuite ignored="0" hostname="Om_Namah_Shivay" failures="0" tests="6" name="Default test" time="28.088" errors="0" timestamp="2024-04-20T16:18:17 IST">
  <testcase classname="api.test.DDTests" name="testPostuser" time="4.517"/>
  <testcase classname="api.test.DDTests" name="testPostuser" time="1.406"/>
  <testcase classname="api.test.DDTests" name="testPostuser" time="1.514"/>
  <testcase classname="api.test.DDTests" name="testDeleteUserByName" time="1.478"/>
  <testcase classname="api.test.DDTests" name="testDeleteUserByName" time="1.43"/>
  <testcase classname="api.test.DDTests" name="testDeleteUserByName" time="14.777"/>
</testsuite> <!-- Default test -->
