<?xml version="1.0" encoding="UTF-8"?>
<!-- Generated by org.testng.reporters.JUnitXMLReporter -->
<testsuite ignored="0" hostname="Om_Namah_Shivay" failures="0" tests="14" name="Test" time="28.659" errors="0" timestamp="2024-04-20T17:00:10 IST">
  <testcase classname="api.test.UserTests" name="testPostUser" time="4.072"/>
  <testcase classname="api.test.UserTests" name="testGetUserByName" time="1.123"/>
  <testcase classname="api.test.UserTests" name="testUpdateUserByName" time="2.207"/>
  <testcase classname="api.test.UserTests" name="testDeleteUserByName" time="1.124"/>
  <testcase classname="api.test.UserTests2" name="testPostUser" time="1.125"/>
  <testcase classname="api.test.UserTests2" name="testGetUserByName" time="1.15"/>
  <testcase classname="api.test.UserTests2" name="testUpdateUserByName" time="3.668"/>
  <testcase classname="api.test.UserTests2" name="testDeleteUserByName" time="1.18"/>
  <testcase classname="api.test.DDTests" name="testPostuser" time="1.207"/>
  <testcase classname="api.test.DDTests" name="testPostuser" time="3.29"/>
  <testcase classname="api.test.DDTests" name="testPostuser" time="1.023"/>
  <testcase classname="api.test.DDTests" name="testDeleteUserByName" time="1.05"/>
  <testcase classname="api.test.DDTests" name="testDeleteUserByName" time="1.093"/>
  <testcase classname="api.test.DDTests" name="testDeleteUserByName" time="1.108"/>
</testsuite> <!-- Test -->
