<?xml version="1.0" encoding="UTF-8"?>
<!-- Generated by org.testng.reporters.JUnitXMLReporter -->
<testsuite ignored="0" hostname="Om_Namah_Shivay" failures="0" tests="14" name="Test" time="23.647" errors="0" timestamp="2024-04-21T10:14:27 IST">
  <testcase classname="api.test.UserTests" name="testPostUser" time="3.891"/>
  <testcase classname="api.test.UserTests" name="testGetUserByName" time="1.14"/>
  <testcase classname="api.test.UserTests" name="testUpdateUserByName" time="2.255"/>
  <testcase classname="api.test.UserTests" name="testDeleteUserByName" time="1.114"/>
  <testcase classname="api.test.UserTests2" name="testPostUser" time="1.161"/>
  <testcase classname="api.test.UserTests2" name="testGetUserByName" time="1.118"/>
  <testcase classname="api.test.UserTests2" name="testUpdateUserByName" time="2.159"/>
  <testcase classname="api.test.UserTests2" name="testDeleteUserByName" time="1.109"/>
  <testcase classname="api.test.DDTests" name="testPostuser" time="1.119"/>
  <testcase classname="api.test.DDTests" name="testPostuser" time="1.115"/>
  <testcase classname="api.test.DDTests" name="testPostuser" time="1.037"/>
  <testcase classname="api.test.DDTests" name="testDeleteUserByName" time="1.061"/>
  <testcase classname="api.test.DDTests" name="testDeleteUserByName" time="1.066"/>
  <testcase classname="api.test.DDTests" name="testDeleteUserByName" time="1.052"/>
</testsuite> <!-- Test -->
