<?xml version="1.0" encoding="UTF-8"?>
<testng-results ignored="0" total="14" passed="14" failed="0" skipped="0">
  <reporter-output>
  </reporter-output>
  <suite started-at="2024-04-21T10:14:03 IST" name="Suite" finished-at="2024-04-21T10:14:27 IST" duration-ms="23647">
    <groups>
    </groups>
    <test started-at="2024-04-21T10:14:03 IST" name="Test" finished-at="2024-04-21T10:14:27 IST" duration-ms="23647">
      <class name="api.test.UserTests2">
        <test-method is-config="true" signature="setup()[pri:0, instance:api.test.UserTests2@173ed316]" started-at="2024-04-21T10:14:13 IST" name="setup" finished-at="2024-04-21T10:14:13 IST" duration-ms="52" status="PASS">
          <reporter-output>
          </reporter-output>
        </test-method> <!-- setup -->
        <test-method signature="testPostUser()[pri:1, instance:api.test.UserTests2@173ed316]" started-at="2024-04-21T10:14:13 IST" name="testPostUser" finished-at="2024-04-21T10:14:14 IST" duration-ms="1161" status="PASS">
          <reporter-output>
          </reporter-output>
        </test-method> <!-- testPostUser -->
        <test-method signature="testGetUserByName()[pri:2, instance:api.test.UserTests2@173ed316]" started-at="2024-04-21T10:14:14 IST" name="testGetUserByName" finished-at="2024-04-21T10:14:15 IST" duration-ms="1118" status="PASS">
          <reporter-output>
          </reporter-output>
        </test-method> <!-- testGetUserByName -->
        <test-method signature="testUpdateUserByName()[pri:3, instance:api.test.UserTests2@173ed316]" started-at="2024-04-21T10:14:15 IST" name="testUpdateUserByName" finished-at="2024-04-21T10:14:17 IST" duration-ms="2159" status="PASS">
          <reporter-output>
          </reporter-output>
        </test-method> <!-- testUpdateUserByName -->
        <test-method signature="testDeleteUserByName()[pri:4, instance:api.test.UserTests2@173ed316]" started-at="2024-04-21T10:14:17 IST" name="testDeleteUserByName" finished-at="2024-04-21T10:14:18 IST" duration-ms="1109" status="PASS">
          <reporter-output>
          </reporter-output>
        </test-method> <!-- testDeleteUserByName -->
      </class> <!-- api.test.UserTests2 -->
      <class name="api.test.UserTests">
        <test-method is-config="true" signature="setup()[pri:0, instance:api.test.UserTests@7d0b7e3c]" started-at="2024-04-21T10:14:03 IST" name="setup" finished-at="2024-04-21T10:14:04 IST" duration-ms="1046" status="PASS">
          <reporter-output>
          </reporter-output>
        </test-method> <!-- setup -->
        <test-method signature="testPostUser()[pri:1, instance:api.test.UserTests@7d0b7e3c]" started-at="2024-04-21T10:14:04 IST" name="testPostUser" finished-at="2024-04-21T10:14:08 IST" duration-ms="3891" status="PASS">
          <reporter-output>
          </reporter-output>
        </test-method> <!-- testPostUser -->
        <test-method signature="testGetUserByName()[pri:2, instance:api.test.UserTests@7d0b7e3c]" started-at="2024-04-21T10:14:08 IST" name="testGetUserByName" finished-at="2024-04-21T10:14:09 IST" duration-ms="1140" status="PASS">
          <reporter-output>
          </reporter-output>
        </test-method> <!-- testGetUserByName -->
        <test-method signature="testUpdateUserByName()[pri:3, instance:api.test.UserTests@7d0b7e3c]" started-at="2024-04-21T10:14:09 IST" name="testUpdateUserByName" finished-at="2024-04-21T10:14:12 IST" duration-ms="2255" status="PASS">
          <reporter-output>
          </reporter-output>
        </test-method> <!-- testUpdateUserByName -->
        <test-method signature="testDeleteUserByName()[pri:4, instance:api.test.UserTests@7d0b7e3c]" started-at="2024-04-21T10:14:12 IST" name="testDeleteUserByName" finished-at="2024-04-21T10:14:13 IST" duration-ms="1114" status="PASS">
          <reporter-output>
          </reporter-output>
        </test-method> <!-- testDeleteUserByName -->
      </class> <!-- api.test.UserTests -->
      <class name="api.test.DDTests">
        <test-method signature="testPostuser(java.lang.String,java.lang.String,java.lang.String,java.lang.String,java.lang.String,java.lang.String,java.lang.String)[pri:1, instance:api.test.DDTests@25ce9dc4]" started-at="2024-04-21T10:14:20 IST" name="testPostuser" data-provider="Data" finished-at="2024-04-21T10:14:21 IST" duration-ms="1119" status="PASS">
          <params>
            <param index="0">
              <value>
                <![CDATA[1010]]>
              </value>
            </param>
            <param index="1">
              <value>
                <![CDATA[testuser1]]>
              </value>
            </param>
            <param index="2">
              <value>
                <![CDATA[John]]>
              </value>
            </param>
            <param index="3">
              <value>
                <![CDATA[Canedy]]>
              </value>
            </param>
            <param index="4">
              <value>
                <![CDATA[a@gmail.com]]>
              </value>
            </param>
            <param index="5">
              <value>
                <![CDATA[test@1]]>
              </value>
            </param>
            <param index="6">
              <value>
                <![CDATA[1234567897]]>
              </value>
            </param>
          </params>
          <reporter-output>
          </reporter-output>
        </test-method> <!-- testPostuser -->
        <test-method signature="testPostuser(java.lang.String,java.lang.String,java.lang.String,java.lang.String,java.lang.String,java.lang.String,java.lang.String)[pri:1, instance:api.test.DDTests@25ce9dc4]" started-at="2024-04-21T10:14:21 IST" name="testPostuser" data-provider="Data" finished-at="2024-04-21T10:14:22 IST" duration-ms="1115" status="PASS">
          <params>
            <param index="0">
              <value>
                <![CDATA[1020]]>
              </value>
            </param>
            <param index="1">
              <value>
                <![CDATA[testuser2]]>
              </value>
            </param>
            <param index="2">
              <value>
                <![CDATA[Kim]]>
              </value>
            </param>
            <param index="3">
              <value>
                <![CDATA[Kom]]>
              </value>
            </param>
            <param index="4">
              <value>
                <![CDATA[b@gmail.com]]>
              </value>
            </param>
            <param index="5">
              <value>
                <![CDATA[test@2]]>
              </value>
            </param>
            <param index="6">
              <value>
                <![CDATA[1234567897]]>
              </value>
            </param>
          </params>
          <reporter-output>
          </reporter-output>
        </test-method> <!-- testPostuser -->
        <test-method signature="testPostuser(java.lang.String,java.lang.String,java.lang.String,java.lang.String,java.lang.String,java.lang.String,java.lang.String)[pri:1, instance:api.test.DDTests@25ce9dc4]" started-at="2024-04-21T10:14:22 IST" name="testPostuser" data-provider="Data" finished-at="2024-04-21T10:14:23 IST" duration-ms="1037" status="PASS">
          <params>
            <param index="0">
              <value>
                <![CDATA[1030]]>
              </value>
            </param>
            <param index="1">
              <value>
                <![CDATA[testuser3]]>
              </value>
            </param>
            <param index="2">
              <value>
                <![CDATA[Smith]]>
              </value>
            </param>
            <param index="3">
              <value>
                <![CDATA[Steve]]>
              </value>
            </param>
            <param index="4">
              <value>
                <![CDATA[c@gmail.com]]>
              </value>
            </param>
            <param index="5">
              <value>
                <![CDATA[test@3]]>
              </value>
            </param>
            <param index="6">
              <value>
                <![CDATA[1234567897]]>
              </value>
            </param>
          </params>
          <reporter-output>
          </reporter-output>
        </test-method> <!-- testPostuser -->
        <test-method signature="testDeleteUserByName(java.lang.String)[pri:2, instance:api.test.DDTests@25ce9dc4]" started-at="2024-04-21T10:14:23 IST" name="testDeleteUserByName" data-provider="UserNames" finished-at="2024-04-21T10:14:24 IST" duration-ms="1061" status="PASS">
          <params>
            <param index="0">
              <value>
                <![CDATA[testuser1]]>
              </value>
            </param>
          </params>
          <reporter-output>
          </reporter-output>
        </test-method> <!-- testDeleteUserByName -->
        <test-method signature="testDeleteUserByName(java.lang.String)[pri:2, instance:api.test.DDTests@25ce9dc4]" started-at="2024-04-21T10:14:24 IST" name="testDeleteUserByName" data-provider="UserNames" finished-at="2024-04-21T10:14:26 IST" duration-ms="1066" status="PASS">
          <params>
            <param index="0">
              <value>
                <![CDATA[testuser2]]>
              </value>
            </param>
          </params>
          <reporter-output>
          </reporter-output>
        </test-method> <!-- testDeleteUserByName -->
        <test-method signature="testDeleteUserByName(java.lang.String)[pri:2, instance:api.test.DDTests@25ce9dc4]" started-at="2024-04-21T10:14:26 IST" name="testDeleteUserByName" data-provider="UserNames" finished-at="2024-04-21T10:14:27 IST" duration-ms="1052" status="PASS">
          <params>
            <param index="0">
              <value>
                <![CDATA[testuser3]]>
              </value>
            </param>
          </params>
          <reporter-output>
          </reporter-output>
        </test-method> <!-- testDeleteUserByName -->
      </class> <!-- api.test.DDTests -->
    </test> <!-- Test -->
  </suite> <!-- Suite -->
</testng-results>
